

*******************************************************************************
Tue Mar 28 17:47:23 2023


FIT:    data read from 'solvation.dat' using 1:2
        format = x:z
        #datapoints = 5
        residuals are weighted equally (unit weight)

function used for fitting: f(x)
	f(x)=(a/x)*exp(-c*x) + b
fitted parameters initialized with current variable values



*******************************************************************************
Tue Mar 28 17:47:45 2023


FIT:    data read from 'solvation.dat' using 1:2
        format = x:z
        #datapoints = 5
        residuals are weighted equally (unit weight)

function used for fitting: f(x)
	f(x)=(a/x)*exp(-c*x) + b
fitted parameters initialized with current variable values

iter      chisq       delta/lim  lambda   a             b             c            
   0 3.8378363215e+01   0.00e+00  1.30e+00    1.000000e+00   1.000000e+00   1.000000e+00
   7 7.3003403132e-08  -1.96e-04  1.30e-07    1.057828e-01  -2.131601e-01   2.503803e+00

After 7 iterations the fit converged.
final sum of squares of residuals : 7.30034e-08
rel. change during last iteration : -1.95832e-09

degrees of freedom    (FIT_NDF)                        : 2
rms of residuals      (FIT_STDFIT) = sqrt(WSSR/ndf)    : 0.000191054
variance of residuals (reduced chisquare) = WSSR/ndf   : 3.65017e-08

Final set of parameters            Asymptotic Standard Error
=======================            ==========================
a               = 0.105783         +/- 0.0002729    (0.2579%)
b               = -0.21316         +/- 0.0001786    (0.08378%)
c               = 2.5038           +/- 0.01423      (0.5684%)

correlation matrix of the fit parameters:
                a      b      c      
a               1.000 
b               0.690  1.000 
c               0.961  0.813  1.000 


*******************************************************************************
Tue Mar 28 17:52:41 2023


FIT:    data read from 'solvation.dat' using 1:2
        format = x:z
        #datapoints = 5
        residuals are weighted equally (unit weight)

function used for fitting: f(x)
	f(x)=(a/x) + b
fitted parameters initialized with current variable values

iter      chisq       delta/lim  lambda   a             b            
   0 5.9890506478e+01   0.00e+00  1.94e+00    1.000000e+00   1.000000e+00
   4 1.1699950750e-03  -1.38e-03  1.94e-04    7.667017e-02  -2.844513e-01

After 4 iterations the fit converged.
final sum of squares of residuals : 0.00117
rel. change during last iteration : -1.38132e-08

degrees of freedom    (FIT_NDF)                        : 3
rms of residuals      (FIT_STDFIT) = sqrt(WSSR/ndf)    : 0.0197484
variance of residuals (reduced chisquare) = WSSR/ndf   : 0.000389998

Final set of parameters            Asymptotic Standard Error
=======================            ==========================
a               = 0.0766702        +/- 0.005677     (7.404%)
b               = -0.284451        +/- 0.01447      (5.087%)

correlation matrix of the fit parameters:
                a      b      
a               1.000 
b              -0.792  1.000 


*******************************************************************************
Tue Mar 28 17:54:55 2023


FIT:    data read from 'solvation.dat' using 1:2
        format = x:z
        #datapoints = 5
        residuals are weighted equally (unit weight)

function used for fitting: f(x)
	f(x)=(a/x)*exp(-c*x) + b
fitted parameters initialized with current variable values

iter      chisq       delta/lim  lambda   a             b             c            
   0 3.8378363215e+01   0.00e+00  1.30e+00    1.000000e+00   1.000000e+00   1.000000e+00
   7 7.3003403132e-08  -1.96e-04  1.30e-07    1.057828e-01  -2.131601e-01   2.503803e+00

After 7 iterations the fit converged.
final sum of squares of residuals : 7.30034e-08
rel. change during last iteration : -1.95832e-09

degrees of freedom    (FIT_NDF)                        : 2
rms of residuals      (FIT_STDFIT) = sqrt(WSSR/ndf)    : 0.000191054
variance of residuals (reduced chisquare) = WSSR/ndf   : 3.65017e-08

Final set of parameters            Asymptotic Standard Error
=======================            ==========================
a               = 0.105783         +/- 0.0002729    (0.2579%)
b               = -0.21316         +/- 0.0001786    (0.08378%)
c               = 2.5038           +/- 0.01423      (0.5684%)

correlation matrix of the fit parameters:
                a      b      c      
a               1.000 
b               0.690  1.000 
c               0.961  0.813  1.000 


*******************************************************************************
Tue Mar 28 17:55:21 2023


FIT:    data read from 'solvation.dat' using 1:2
        format = x:z
        #datapoints = 5
        residuals are weighted equally (unit weight)

function used for fitting: f(x)
	f(x)=(a/x)*exp(-c*x) + b
fitted parameters initialized with current variable values

iter      chisq       delta/lim  lambda   a             b             c            
   0 3.8378363215e+01   0.00e+00  1.30e+00    1.000000e+00   1.000000e+00   1.000000e+00
   7 7.3003403132e-08  -1.96e-04  1.30e-07    1.057828e-01  -2.131601e-01   2.503803e+00

After 7 iterations the fit converged.
final sum of squares of residuals : 7.30034e-08
rel. change during last iteration : -1.95832e-09

degrees of freedom    (FIT_NDF)                        : 2
rms of residuals      (FIT_STDFIT) = sqrt(WSSR/ndf)    : 0.000191054
variance of residuals (reduced chisquare) = WSSR/ndf   : 3.65017e-08

Final set of parameters            Asymptotic Standard Error
=======================            ==========================
a               = 0.105783         +/- 0.0002729    (0.2579%)
b               = -0.21316         +/- 0.0001786    (0.08378%)
c               = 2.5038           +/- 0.01423      (0.5684%)

correlation matrix of the fit parameters:
                a      b      c      
a               1.000 
b               0.690  1.000 
c               0.961  0.813  1.000 


*******************************************************************************
Wed Mar 29 10:07:21 2023


FIT:    data read from 'solvation.dat' using 1:2
        format = x:z
        #datapoints = 5
        residuals are weighted equally (unit weight)

function used for fitting: f(x)
	f(x)=(a/x)*exp(-c*x) + b
fitted parameters initialized with current variable values

iter      chisq       delta/lim  lambda   a             b             c            
   0 3.8378363215e+01   0.00e+00  1.30e+00    1.000000e+00   1.000000e+00   1.000000e+00
   7 7.3003403132e-08  -1.96e-04  1.30e-07    1.057828e-01  -2.131601e-01   2.503803e+00

After 7 iterations the fit converged.
final sum of squares of residuals : 7.30034e-08
rel. change during last iteration : -1.95832e-09

degrees of freedom    (FIT_NDF)                        : 2
rms of residuals      (FIT_STDFIT) = sqrt(WSSR/ndf)    : 0.000191054
variance of residuals (reduced chisquare) = WSSR/ndf   : 3.65017e-08

Final set of parameters            Asymptotic Standard Error
=======================            ==========================
a               = 0.105783         +/- 0.0002729    (0.2579%)
b               = -0.21316         +/- 0.0001786    (0.08378%)
c               = 2.5038           +/- 0.01423      (0.5684%)

correlation matrix of the fit parameters:
                a      b      c      
a               1.000 
b               0.690  1.000 
c               0.961  0.813  1.000 


*******************************************************************************
Wed Mar 29 10:09:54 2023


FIT:    data read from 'solvation.dat' using 1:2
        format = x:z
        #datapoints = 5
        residuals are weighted equally (unit weight)

function used for fitting: f(x)
	f(x)=(a/x)*exp(-c*x) + b
fitted parameters initialized with current variable values

iter      chisq       delta/lim  lambda   a             b             c            
   0 3.8378363215e+01   0.00e+00  1.30e+00    1.000000e+00   1.000000e+00   1.000000e+00
   7 7.3003403132e-08  -1.96e-04  1.30e-07    1.057828e-01  -2.131601e-01   2.503803e+00

After 7 iterations the fit converged.
final sum of squares of residuals : 7.30034e-08
rel. change during last iteration : -1.95832e-09

degrees of freedom    (FIT_NDF)                        : 2
rms of residuals      (FIT_STDFIT) = sqrt(WSSR/ndf)    : 0.000191054
variance of residuals (reduced chisquare) = WSSR/ndf   : 3.65017e-08

Final set of parameters            Asymptotic Standard Error
=======================            ==========================
a               = 0.105783         +/- 0.0002729    (0.2579%)
b               = -0.21316         +/- 0.0001786    (0.08378%)
c               = 2.5038           +/- 0.01423      (0.5684%)

correlation matrix of the fit parameters:
                a      b      c      
a               1.000 
b               0.690  1.000 
c               0.961  0.813  1.000 


*******************************************************************************
Wed Mar 29 10:41:46 2023


FIT:    data read from 'solvation.dat' using 1:2
        format = x:z
        #datapoints = 5
        residuals are weighted equally (unit weight)

function used for fitting: f(x)
	f(x)=(a/x)*exp(-c*x) + b
fitted parameters initialized with current variable values

iter      chisq       delta/lim  lambda   a             b             c            
   0 3.8378363215e+01   0.00e+00  1.30e+00    1.000000e+00   1.000000e+00   1.000000e+00
   7 7.3003403132e-08  -1.96e-04  1.30e-07    1.057828e-01  -2.131601e-01   2.503803e+00

After 7 iterations the fit converged.
final sum of squares of residuals : 7.30034e-08
rel. change during last iteration : -1.95832e-09

degrees of freedom    (FIT_NDF)                        : 2
rms of residuals      (FIT_STDFIT) = sqrt(WSSR/ndf)    : 0.000191054
variance of residuals (reduced chisquare) = WSSR/ndf   : 3.65017e-08

Final set of parameters            Asymptotic Standard Error
=======================            ==========================
a               = 0.105783         +/- 0.0002729    (0.2579%)
b               = -0.21316         +/- 0.0001786    (0.08378%)
c               = 2.5038           +/- 0.01423      (0.5684%)

correlation matrix of the fit parameters:
                a      b      c      
a               1.000 
b               0.690  1.000 
c               0.961  0.813  1.000 


*******************************************************************************
Fri Mar 31 10:24:54 2023


FIT:    data read from 'solvation.dat' using 1:2
        format = x:z
        #datapoints = 5
        residuals are weighted equally (unit weight)

function used for fitting: f(x)
	f(x)=(a/x)*exp(-c*x) + b
fitted parameters initialized with current variable values

iter      chisq       delta/lim  lambda   a             b             c            
   0 3.8560186915e+01   0.00e+00  1.30e+00    1.000000e+00   1.000000e+00   1.000000e+00
   7 9.2134264097e-08  -1.35e-04  1.30e-07    1.173777e-01  -2.368668e-01   2.502270e+00

After 7 iterations the fit converged.
final sum of squares of residuals : 9.21343e-08
rel. change during last iteration : -1.35474e-09

degrees of freedom    (FIT_NDF)                        : 2
rms of residuals      (FIT_STDFIT) = sqrt(WSSR/ndf)    : 0.000214633
variance of residuals (reduced chisquare) = WSSR/ndf   : 4.60671e-08

Final set of parameters            Asymptotic Standard Error
=======================            ==========================
a               = 0.117378         +/- 0.0003063    (0.261%)
b               = -0.236867        +/- 0.0002007    (0.08473%)
c               = 2.50227          +/- 0.0144       (0.5755%)

correlation matrix of the fit parameters:
                a      b      c      
a               1.000 
b               0.690  1.000 
c               0.961  0.813  1.000 


*******************************************************************************
Fri Mar 31 10:28:54 2023


FIT:    data read from 'solvation.dat' using 1:($2+0.23685972983788411)
        format = x:z
        #datapoints = 5
        residuals are weighted equally (unit weight)

function used for fitting: f(x)
	f(x)=(a/x)*exp(-c*x) + b
fitted parameters initialized with current variable values

iter      chisq       delta/lim  lambda   a             b             c            
   0 3.3035948246e+01   0.00e+00  1.30e+00    1.000000e+00   1.000000e+00   1.000000e+00
   7 9.2134264097e-08  -1.54e-04  1.30e-07    1.173777e-01  -7.046495e-06   2.502270e+00

After 7 iterations the fit converged.
final sum of squares of residuals : 9.21343e-08
rel. change during last iteration : -1.53633e-09

degrees of freedom    (FIT_NDF)                        : 2
rms of residuals      (FIT_STDFIT) = sqrt(WSSR/ndf)    : 0.000214633
variance of residuals (reduced chisquare) = WSSR/ndf   : 4.60671e-08

Final set of parameters            Asymptotic Standard Error
=======================            ==========================
a               = 0.117378         +/- 0.0003063    (0.261%)
b               = -7.04649e-06     +/- 0.0002007    (2848%)
c               = 2.50227          +/- 0.0144       (0.5755%)

correlation matrix of the fit parameters:
                a      b      c      
a               1.000 
b               0.690  1.000 
c               0.961  0.813  1.000 


*******************************************************************************
Fri Mar 31 10:51:45 2023


FIT:    data read from 'solvation.dat' using 1:($2+0.21315850749966778)
        format = x:z
        #datapoints = 5
        residuals are weighted equally (unit weight)

function used for fitting: f(x)
	f(x)=(a/x)*exp(-c*x) + b
fitted parameters initialized with current variable values

iter      chisq       delta/lim  lambda   a             b             c            
   0 3.3412574884e+01   0.00e+00  1.30e+00    1.000000e+00   1.000000e+00   1.000000e+00
   7 7.3003403132e-08  -2.22e-04  1.30e-07    1.057828e-01  -1.596303e-06   2.503803e+00

After 7 iterations the fit converged.
final sum of squares of residuals : 7.30034e-08
rel. change during last iteration : -2.21756e-09

degrees of freedom    (FIT_NDF)                        : 2
rms of residuals      (FIT_STDFIT) = sqrt(WSSR/ndf)    : 0.000191054
variance of residuals (reduced chisquare) = WSSR/ndf   : 3.65017e-08

Final set of parameters            Asymptotic Standard Error
=======================            ==========================
a               = 0.105783         +/- 0.0002729    (0.2579%)
b               = -1.5963e-06      +/- 0.0001786    (1.119e+04%)
c               = 2.5038           +/- 0.01423      (0.5684%)

correlation matrix of the fit parameters:
                a      b      c      
a               1.000 
b               0.690  1.000 
c               0.961  0.813  1.000 


*******************************************************************************
Fri Mar 31 10:54:41 2023


FIT:    data read from 'solvation.dat' using 1:($2)
        format = x:z
        #datapoints = 5
        residuals are weighted equally (unit weight)

function used for fitting: f(x)
	f(x)=(a/x)*exp(-c*x) + b
fitted parameters initialized with current variable values

iter      chisq       delta/lim  lambda   a             b             c            
   0 3.8378363215e+01   0.00e+00  1.30e+00    1.000000e+00   1.000000e+00   1.000000e+00
   7 7.3003403132e-08  -1.96e-04  1.30e-07    1.057828e-01  -2.131601e-01   2.503803e+00

After 7 iterations the fit converged.
final sum of squares of residuals : 7.30034e-08
rel. change during last iteration : -1.95832e-09

degrees of freedom    (FIT_NDF)                        : 2
rms of residuals      (FIT_STDFIT) = sqrt(WSSR/ndf)    : 0.000191054
variance of residuals (reduced chisquare) = WSSR/ndf   : 3.65017e-08

Final set of parameters            Asymptotic Standard Error
=======================            ==========================
a               = 0.105783         +/- 0.0002729    (0.2579%)
b               = -0.21316         +/- 0.0001786    (0.08378%)
c               = 2.5038           +/- 0.01423      (0.5684%)

correlation matrix of the fit parameters:
                a      b      c      
a               1.000 
b               0.690  1.000 
c               0.961  0.813  1.000 


*******************************************************************************
Fri Mar 31 10:55:30 2023


FIT:    data read from 'solvation.dat' using 1:($2)
        format = x:z
        #datapoints = 5
        residuals are weighted equally (unit weight)

function used for fitting: f(x)
	f(x)=(a/x)*exp(-c*x) + b
fitted parameters initialized with current variable values

iter      chisq       delta/lim  lambda   a             b             c            
   0 3.8378363215e+01   0.00e+00  1.30e+00    1.000000e+00   1.000000e+00   1.000000e+00
   7 7.3003403132e-08  -1.96e-04  1.30e-07    1.057828e-01  -2.131601e-01   2.503803e+00

After 7 iterations the fit converged.
final sum of squares of residuals : 7.30034e-08
rel. change during last iteration : -1.95832e-09

degrees of freedom    (FIT_NDF)                        : 2
rms of residuals      (FIT_STDFIT) = sqrt(WSSR/ndf)    : 0.000191054
variance of residuals (reduced chisquare) = WSSR/ndf   : 3.65017e-08

Final set of parameters            Asymptotic Standard Error
=======================            ==========================
a               = 0.105783         +/- 0.0002729    (0.2579%)
b               = -0.21316         +/- 0.0001786    (0.08378%)
c               = 2.5038           +/- 0.01423      (0.5684%)

correlation matrix of the fit parameters:
                a      b      c      
a               1.000 
b               0.690  1.000 
c               0.961  0.813  1.000 


*******************************************************************************
Fri Mar 31 10:58:29 2023


FIT:    data read from 'solvation.dat' using 1:($2+0.21315850749966778)
        format = x:z
        #datapoints = 5
        residuals are weighted equally (unit weight)

function used for fitting: f(x)
	f(x)=(a/x)*exp(-c*x) + b
fitted parameters initialized with current variable values

iter      chisq       delta/lim  lambda   a             b             c            
   0 3.3412574884e+01   0.00e+00  1.30e+00    1.000000e+00   1.000000e+00   1.000000e+00
   7 7.3003403132e-08  -2.22e-04  1.30e-07    1.057828e-01  -1.596303e-06   2.503803e+00

After 7 iterations the fit converged.
final sum of squares of residuals : 7.30034e-08
rel. change during last iteration : -2.21756e-09

degrees of freedom    (FIT_NDF)                        : 2
rms of residuals      (FIT_STDFIT) = sqrt(WSSR/ndf)    : 0.000191054
variance of residuals (reduced chisquare) = WSSR/ndf   : 3.65017e-08

Final set of parameters            Asymptotic Standard Error
=======================            ==========================
a               = 0.105783         +/- 0.0002729    (0.2579%)
b               = -1.5963e-06      +/- 0.0001786    (1.119e+04%)
c               = 2.5038           +/- 0.01423      (0.5684%)

correlation matrix of the fit parameters:
                a      b      c      
a               1.000 
b               0.690  1.000 
c               0.961  0.813  1.000 


*******************************************************************************
Fri Mar 31 11:02:02 2023


FIT:    data read from 'solvation.dat' using 1:($2+0.21315850749966778)
        format = x:z
        #datapoints = 5
        residuals are weighted equally (unit weight)

function used for fitting: f(x)
	f(x)=(a/x)*exp(-c*x) + b
fitted parameters initialized with current variable values

iter      chisq       delta/lim  lambda   a             b             c            
   0 3.3412574884e+01   0.00e+00  1.30e+00    1.000000e+00   1.000000e+00   1.000000e+00
   7 7.3003403132e-08  -2.22e-04  1.30e-07    1.057828e-01  -1.596303e-06   2.503803e+00

After 7 iterations the fit converged.
final sum of squares of residuals : 7.30034e-08
rel. change during last iteration : -2.21756e-09

degrees of freedom    (FIT_NDF)                        : 2
rms of residuals      (FIT_STDFIT) = sqrt(WSSR/ndf)    : 0.000191054
variance of residuals (reduced chisquare) = WSSR/ndf   : 3.65017e-08

Final set of parameters            Asymptotic Standard Error
=======================            ==========================
a               = 0.105783         +/- 0.0002729    (0.2579%)
b               = -1.5963e-06      +/- 0.0001786    (1.119e+04%)
c               = 2.5038           +/- 0.01423      (0.5684%)

correlation matrix of the fit parameters:
                a      b      c      
a               1.000 
b               0.690  1.000 
c               0.961  0.813  1.000 


*******************************************************************************
Fri May  5 16:15:47 2023


FIT:    data read from 'solvation.dat' using 1:($2+0.23685972983788411)
        format = x:z
        #datapoints = 5
        residuals are weighted equally (unit weight)

function used for fitting: f(x)
	f(x)=(a/x)*exp(-c*x) + b
fitted parameters initialized with current variable values

iter      chisq       delta/lim  lambda   a             b             c            
   0 3.2888495226e+01   0.00e+00  1.30e+00    1.000000e+00   1.000000e+00   1.000000e+00
   7 7.3003403132e-08  -2.25e-04  1.30e-07    1.057828e-01   2.369963e-02   2.503803e+00

After 7 iterations the fit converged.
final sum of squares of residuals : 7.30034e-08
rel. change during last iteration : -2.24765e-09

degrees of freedom    (FIT_NDF)                        : 2
rms of residuals      (FIT_STDFIT) = sqrt(WSSR/ndf)    : 0.000191054
variance of residuals (reduced chisquare) = WSSR/ndf   : 3.65017e-08

Final set of parameters            Asymptotic Standard Error
=======================            ==========================
a               = 0.105783         +/- 0.0002729    (0.2579%)
b               = 0.0236996        +/- 0.0001786    (0.7535%)
c               = 2.5038           +/- 0.01423      (0.5684%)

correlation matrix of the fit parameters:
                a      b      c      
a               1.000 
b               0.690  1.000 
c               0.961  0.813  1.000 


*******************************************************************************
Fri May  5 16:15:58 2023


FIT:    data read from 'solvation.dat' using 1:($2+0.23685972983788411)
        format = x:z
        #datapoints = 5
        residuals are weighted equally (unit weight)

function used for fitting: f(x)
	f(x)=(a/x)*exp(-c*x) + b
fitted parameters initialized with current variable values

iter      chisq       delta/lim  lambda   a             b             c            
   0 3.2888495226e+01   0.00e+00  1.30e+00    1.000000e+00   1.000000e+00   1.000000e+00
   7 7.3003403132e-08  -2.25e-04  1.30e-07    1.057828e-01   2.369963e-02   2.503803e+00

After 7 iterations the fit converged.
final sum of squares of residuals : 7.30034e-08
rel. change during last iteration : -2.24765e-09

degrees of freedom    (FIT_NDF)                        : 2
rms of residuals      (FIT_STDFIT) = sqrt(WSSR/ndf)    : 0.000191054
variance of residuals (reduced chisquare) = WSSR/ndf   : 3.65017e-08

Final set of parameters            Asymptotic Standard Error
=======================            ==========================
a               = 0.105783         +/- 0.0002729    (0.2579%)
b               = 0.0236996        +/- 0.0001786    (0.7535%)
c               = 2.5038           +/- 0.01423      (0.5684%)

correlation matrix of the fit parameters:
                a      b      c      
a               1.000 
b               0.690  1.000 
c               0.961  0.813  1.000 
