

*******************************************************************************
Tue Apr 18 15:56:53 2023


FIT:    data read from 'solvation.dat' using 1:($2+0.236859729837885+4270.294433726375)
        format = x:z
        #datapoints = 5
        residuals are weighted equally (unit weight)

function used for fitting: f(x)
	f(x)=(a/x)*exp(-b*x) + c*exp(-h*x) + j
fitted parameters initialized with current variable values

iter      chisq       delta/lim  lambda   a             b             c             h             j            
   0 6.6704875759e+01   0.00e+00  1.05e+00    1.000000e+00   1.000000e+00   1.000000e+00   1.000000e+00   1.000000e+00
  50 1.5407439555e-32   0.00e+00  1.05e-01    1.300559e-01   3.907375e+00  -1.111921e+00   1.139782e+00   3.965048e-02

After 50 iterations the fit converged.
final sum of squares of residuals : 1.54074e-32
abs. change during last iteration : 0


Exactly as many data points as there are parameters.
In this degenerate case, all errors are zero by definition.

Final set of parameters 
======================= 

a               = 0.130056       
b               = 3.90737        
c               = -1.11192       
h               = 1.13978        
j               = 0.0396505      


*******************************************************************************
Tue Apr 18 16:03:31 2023


FIT:    data read from 'solvation.dat' using 1:($2+0.236859729837885+4270.294433726375)
        format = x:z
        #datapoints = 5
        residuals are weighted equally (unit weight)

function used for fitting: f(x)
	f(x)=(a/x)*exp(-b*x) + c*exp(-h*x) + j
fitted parameters initialized with current variable values

iter      chisq       delta/lim  lambda   a             b             c             h             j            
   0 6.6704875759e+01   0.00e+00  1.05e+00    1.000000e+00   1.000000e+00   1.000000e+00   1.000000e+00   1.000000e+00
  50 1.5407439555e-32   0.00e+00  1.05e-01    1.300559e-01   3.907375e+00  -1.111921e+00   1.139782e+00   3.965048e-02

After 50 iterations the fit converged.
final sum of squares of residuals : 1.54074e-32
abs. change during last iteration : 0


Exactly as many data points as there are parameters.
In this degenerate case, all errors are zero by definition.

Final set of parameters 
======================= 

a               = 0.130056       
b               = 3.90737        
c               = -1.11192       
h               = 1.13978        
j               = 0.0396505      


*******************************************************************************
Tue Apr 18 16:04:59 2023


FIT:    data read from 'solvation.dat' using 1:($2+0.236859729837885+4270.294433726375)
        format = x:z
        #datapoints = 5
        residuals are weighted equally (unit weight)

function used for fitting: f(x)
	f(x)=(a/x)*exp(-b*x) + c*exp(-h*x) + j
fitted parameters initialized with current variable values

iter      chisq       delta/lim  lambda   a             b             c             h             j            
   0 6.6704875759e+01   0.00e+00  1.05e+00    1.000000e+00   1.000000e+00   1.000000e+00   1.000000e+00   1.000000e+00
  50 1.5407439555e-32   0.00e+00  1.05e-01    1.300559e-01   3.907375e+00  -1.111921e+00   1.139782e+00   3.965048e-02

After 50 iterations the fit converged.
final sum of squares of residuals : 1.54074e-32
abs. change during last iteration : 0


Exactly as many data points as there are parameters.
In this degenerate case, all errors are zero by definition.

Final set of parameters 
======================= 

a               = 0.130056       
b               = 3.90737        
c               = -1.11192       
h               = 1.13978        
j               = 0.0396505      
